2019-01-28 09:00:00,004 [schedulerFactoryBean_Worker-2] ERROR com.kd.ppms_email.job.EmailJob 84 - Invalid bound statement (not found): com.kd.ppms_email.mapper.CAReconResultInfoEntityMapper.queryCAFailReconRecords
2019-01-28 11:15:00,025 [schedulerFactoryBean_QuartzSchedulerThread] ERROR org.quartz.core.ErrorLogger 2401 - An error occured instantiating job to be executed. job= 'smsGroup.sms'
org.quartz.SchedulerException: Job instantiation failed
	at org.springframework.scheduling.quartz.AdaptableJobFactory.newJob(AdaptableJobFactory.java:47)
	at org.quartz.core.JobRunShell.initialize(JobRunShell.java:127)
	at org.quartz.core.QuartzSchedulerThread.run(QuartzSchedulerThread.java:392)
Caused by: org.springframework.beans.factory.BeanCreationException: Error creating bean with name 'com.kd.ppms_email.sms.SMSJob': Injection of autowired dependencies failed; nested exception is java.lang.IllegalArgumentException: Could not resolve placeholder 'sms.resend.times' in value "${sms.resend.times}"
	at org.springframework.beans.factory.annotation.AutowiredAnnotationBeanPostProcessor.postProcessPropertyValues(AutowiredAnnotationBeanPostProcessor.java:379)
	at org.springframework.beans.factory.support.AbstractAutowireCapableBeanFactory.populateBean(AbstractAutowireCapableBeanFactory.java:1348)
	at org.springframework.beans.factory.support.AbstractAutowireCapableBeanFactory.autowireBean(AbstractAutowireCapableBeanFactory.java:314)
	at com.kd.ppms_email.config.ScheduleJobFactory.createJobInstance(ScheduleJobFactory.java:25)
	at org.springframework.scheduling.quartz.AdaptableJobFactory.newJob(AdaptableJobFactory.java:43)
	... 2 common frames omitted
Caused by: java.lang.IllegalArgumentException: Could not resolve placeholder 'sms.resend.times' in value "${sms.resend.times}"
	at org.springframework.util.PropertyPlaceholderHelper.parseStringValue(PropertyPlaceholderHelper.java:172)
	at org.springframework.util.PropertyPlaceholderHelper.replacePlaceholders(PropertyPlaceholderHelper.java:124)
	at org.springframework.core.env.AbstractPropertyResolver.doResolvePlaceholders(AbstractPropertyResolver.java:237)
	at org.springframework.core.env.AbstractPropertyResolver.resolveRequiredPlaceholders(AbstractPropertyResolver.java:211)
	at org.springframework.context.support.PropertySourcesPlaceholderConfigurer.lambda$processProperties$0(PropertySourcesPlaceholderConfigurer.java:175)
	at org.springframework.beans.factory.support.AbstractBeanFactory.resolveEmbeddedValue(AbstractBeanFactory.java:839)
	at org.springframework.beans.factory.support.DefaultListableBeanFactory.doResolveDependency(DefaultListableBeanFactory.java:1086)
	at org.springframework.beans.factory.support.DefaultListableBeanFactory.resolveDependency(DefaultListableBeanFactory.java:1065)
	at org.springframework.beans.factory.annotation.AutowiredAnnotationBeanPostProcessor$AutowiredFieldElement.inject(AutowiredAnnotationBeanPostProcessor.java:584)
	at org.springframework.beans.factory.annotation.InjectionMetadata.inject(InjectionMetadata.java:91)
	at org.springframework.beans.factory.annotation.AutowiredAnnotationBeanPostProcessor.postProcessPropertyValues(AutowiredAnnotationBeanPostProcessor.java:373)
	... 6 common frames omitted
